Arguments: 
  G:\Nodejs\node.exe C:\Users\asus\AppData\Roaming\npm\node_modules\yarn\bin\yarn.js run

PATH: 
  H:\cmder\bin;H:\cmder\vendor\conemu-maximus5\ConEmu\Scripts;H:\cmder\vendor\conemu-maximus5;H:\cmder\vendor\conemu-maximus5\ConEmu;C:\Program Files\MySQL\MySQL Server 5.6\bin;D:\wamp\bin\php\php5.4.12;G:\JAVA\jdk\jdk1.8.0_25\bin;G:\JAVA\jdk\jdk1.8.0_25\jre\bin;C:\windows\system32;C:\Program Files (x86)\NVIDIA Corporation\PhysX\Common;G:\Nodejs;H:\cmder;G:\Nodejs\;G:\Git\Git\cmd;G:\云计算\SSH;D:\wamp\bin\php\php5.4.12\php.exe;C:\Users\asus\AppData\Roaming\npm;G:\Git\Git\usr\bin;G:\Git\Git\usr\share\vim\vim74;H:\cmder\

Yarn version: 
  1.5.1

Node version: 
  6.11.3

Platform: 
  win32 x64

npm manifest: 
  {
  	"name": "greenkey-electron",
  	"version": "0.1.5",
  	"description": "remove background from user in electron app",
  	"main": "index.js",
  	"scripts": {
  		"test": "echo \"Error: no test specified\" && exit 1"
  	},
  	"author": "Wouter Verweirder <wouter.verweirder@gmail.com>",
  	"license": "MIT",
    "dependencies": {
      "electron": "^1.4.4"
    }
  }

yarn manifest: 
  No manifest

Lockfile: 
  No lockfile

Trace: 
  Error: Command "" not found.
      at MessageError.Error (native)
      at new MessageError (C:\Users\asus\AppData\Roaming\npm\node_modules\yarn\lib\cli.js:186:110)
      at C:\Users\asus\AppData\Roaming\npm\node_modules\yarn\lib\cli.js:87307:17
      at next (native)
      at step (C:\Users\asus\AppData\Roaming\npm\node_modules\yarn\lib\cli.js:98:30)
      at C:\Users\asus\AppData\Roaming\npm\node_modules\yarn\lib\cli.js:116:14
      at Promise.F (C:\Users\asus\AppData\Roaming\npm\node_modules\yarn\lib\cli.js:23451:28)
      at C:\Users\asus\AppData\Roaming\npm\node_modules\yarn\lib\cli.js:95:12
      at runCommand (C:\Users\asus\AppData\Roaming\npm\node_modules\yarn\lib\cli.js:87312:22)
      at C:\Users\asus\AppData\Roaming\npm\node_modules\yarn\lib\cli.js:87403:18
